t=2019-06-18T11:18:16+0800 lvl=trce msg="Plugin conf load successfully!" module=pluginmgr pluginCount=5
t=2019-06-18T11:18:16+0800 lvl=trce msg="Load a plugin successfully" module=pluginmgr name=kv subtype=leveldb
t=2019-06-18T11:18:16+0800 lvl=trce msg="Load a plugin successfully" module=pluginmgr name=crypto subtype=default
t=2019-06-18T11:18:16+0800 lvl=trce msg="Load a plugin successfully" module=pluginmgr name=kv subtype=leveldb
t=2019-06-18T11:18:16+0800 lvl=trce msg="Load a plugin successfully" module=pluginmgr name=crypto subtype=default
t=2019-06-18T11:18:16+0800 lvl=trce msg="Load a plugin successfully" module=pluginmgr name=crypto subtype=default
t=2019-06-18T11:18:16+0800 lvl=trce msg="Load a plugin successfully" module=pluginmgr name=consensus subtype=single
t=2019-06-18T11:18:16+0800 lvl=trce msg="Load a plugin successfully" module=pluginmgr name=kv subtype=leveldb
t=2019-06-18T11:18:16+0800 lvl=trce msg="Load a plugin successfully" module=pluginmgr name=crypto subtype=default
t=2019-06-18T11:18:16+0800 lvl=trce msg="Load a plugin successfully" module=pluginmgr name=kv subtype=leveldb
t=2019-06-18T11:18:16+0800 lvl=trce msg="Load a plugin successfully" module=pluginmgr name=crypto subtype=default
t=2019-06-18T11:18:16+0800 lvl=trce msg="Load a plugin successfully" module=pluginmgr name=crypto subtype=default
t=2019-06-18T11:18:16+0800 lvl=trce msg="Load a plugin successfully" module=pluginmgr name=crypto subtype=default
t=2019-06-18T11:18:16+0800 lvl=trce msg="Load a plugin successfully" module=pluginmgr name=consensus subtype=single
t=2019-06-18T11:18:16+0800 lvl=trce msg="Load a plugin successfully" module=pluginmgr name=kv subtype=leveldb
t=2019-06-18T11:18:16+0800 lvl=trce msg="Load a plugin successfully" module=pluginmgr name=crypto subtype=default
t=2019-06-18T11:18:16+0800 lvl=trce msg="Load a plugin successfully" module=pluginmgr name=kv subtype=leveldb
t=2019-06-18T11:18:16+0800 lvl=trce msg="Load a plugin successfully" module=pluginmgr name=crypto subtype=default
t=2019-06-18T11:18:16+0800 lvl=trce msg="Load a plugin successfully" module=pluginmgr name=crypto subtype=default
t=2019-06-18T11:18:16+0800 lvl=trce msg="Load a plugin successfully" module=pluginmgr name=consensus subtype=single
t=2019-06-18T11:18:16+0800 lvl=trce msg="Load a plugin successfully" module=pluginmgr name=kv subtype=leveldb
t=2019-06-18T11:18:16+0800 lvl=trce msg="Load a plugin successfully" module=pluginmgr name=crypto subtype=default
t=2019-06-18T11:18:16+0800 lvl=trce msg="Load a plugin successfully" module=pluginmgr name=kv subtype=leveldb
t=2019-06-18T11:18:16+0800 lvl=trce msg="Load a plugin successfully" module=pluginmgr name=crypto subtype=default
t=2019-06-18T11:18:16+0800 lvl=trce msg="Load a plugin successfully" module=pluginmgr name=crypto subtype=default
t=2019-06-18T11:18:16+0800 lvl=trce msg="Load a plugin successfully" module=pluginmgr name=consensus subtype=single
t=2019-06-18T11:18:16+0800 lvl=trce msg="Load a plugin successfully" module=pluginmgr name=kv subtype=leveldb
t=2019-06-18T11:18:16+0800 lvl=trce msg="Load a plugin successfully" module=pluginmgr name=crypto subtype=default
t=2019-06-18T11:18:16+0800 lvl=trce msg="Load a plugin successfully" module=pluginmgr name=kv subtype=leveldb
t=2019-06-18T11:18:16+0800 lvl=trce msg="Load a plugin successfully" module=pluginmgr name=crypto subtype=default
t=2019-06-18T11:18:16+0800 lvl=trce msg="Load a plugin successfully" module=pluginmgr name=crypto subtype=default
t=2019-06-18T11:18:16+0800 lvl=trce msg="Load a plugin successfully" module=pluginmgr name=consensus subtype=single
t=2019-06-18T11:18:16+0800 lvl=trce msg="Load a plugin successfully" module=pluginmgr name=kv subtype=leveldb
t=2019-06-18T11:18:17+0800 lvl=trce msg="Load a plugin successfully" module=pluginmgr name=crypto subtype=default
t=2019-06-18T11:18:17+0800 lvl=trce msg="Load a plugin successfully" module=pluginmgr name=kv subtype=leveldb
t=2019-06-18T11:18:17+0800 lvl=trce msg="Load a plugin successfully" module=pluginmgr name=crypto subtype=default
t=2019-06-18T11:18:17+0800 lvl=trce msg="Load a plugin successfully" module=pluginmgr name=crypto subtype=default
t=2019-06-18T11:18:17+0800 lvl=trce msg="Load a plugin successfully" module=pluginmgr name=consensus subtype=single
t=2019-06-18T11:18:17+0800 lvl=trce msg="Load a plugin successfully" module=pluginmgr name=kv subtype=leveldb
t=2019-06-18T11:18:17+0800 lvl=trce msg="Load a plugin successfully" module=pluginmgr name=crypto subtype=default
t=2019-06-18T11:18:17+0800 lvl=trce msg="Load a plugin successfully" module=pluginmgr name=kv subtype=leveldb
t=2019-06-18T11:18:17+0800 lvl=trce msg="Load a plugin successfully" module=pluginmgr name=crypto subtype=default
t=2019-06-18T11:18:17+0800 lvl=trce msg="Load a plugin successfully" module=pluginmgr name=crypto subtype=default
t=2019-06-18T11:18:17+0800 lvl=trce msg="Load a plugin successfully" module=pluginmgr name=consensus subtype=single
t=2019-06-18T11:18:17+0800 lvl=trce msg="Load a plugin successfully" module=pluginmgr name=kv subtype=leveldb
t=2019-06-18T11:18:17+0800 lvl=trce msg="Load a plugin successfully" module=pluginmgr name=crypto subtype=default
t=2019-06-18T11:18:17+0800 lvl=trce msg="Load a plugin successfully" module=pluginmgr name=kv subtype=leveldb
t=2019-06-18T11:18:17+0800 lvl=trce msg="Load a plugin successfully" module=pluginmgr name=crypto subtype=default
t=2019-06-18T11:18:17+0800 lvl=trce msg="Load a plugin successfully" module=pluginmgr name=crypto subtype=default
t=2019-06-18T11:18:17+0800 lvl=trce msg="Load a plugin successfully" module=pluginmgr name=consensus subtype=single
t=2019-06-18T11:18:17+0800 lvl=trce msg="Load a plugin successfully" module=pluginmgr name=kv subtype=leveldb
t=2019-06-18T11:18:17+0800 lvl=trce msg="Load a plugin successfully" module=pluginmgr name=crypto subtype=default
t=2019-06-18T11:18:17+0800 lvl=trce msg="Load a plugin successfully" module=pluginmgr name=kv subtype=leveldb
t=2019-06-18T11:18:17+0800 lvl=trce msg="Load a plugin successfully" module=pluginmgr name=crypto subtype=default
t=2019-06-18T11:18:17+0800 lvl=trce msg="Load a plugin successfully" module=pluginmgr name=crypto subtype=default
t=2019-06-18T11:18:17+0800 lvl=trce msg="Load a plugin successfully" module=pluginmgr name=consensus subtype=single
t=2019-06-18T11:18:17+0800 lvl=trce msg="Load a plugin successfully" module=pluginmgr name=kv subtype=leveldb
t=2019-06-18T11:18:17+0800 lvl=trce msg="Load a plugin successfully" module=pluginmgr name=kv subtype=leveldb
t=2019-06-18T11:18:17+0800 lvl=trce msg="Load a plugin successfully" module=pluginmgr name=crypto subtype=default
t=2019-06-18T11:18:17+0800 lvl=trce msg="Load a plugin successfully" module=pluginmgr name=kv subtype=leveldb
t=2019-06-18T11:18:17+0800 lvl=trce msg="Load a plugin successfully" module=pluginmgr name=crypto subtype=default
t=2019-06-18T11:18:17+0800 lvl=trce msg="Load a plugin successfully" module=pluginmgr name=crypto subtype=default
t=2019-06-18T11:18:17+0800 lvl=trce msg="Load a plugin successfully" module=pluginmgr name=consensus subtype=single
t=2019-06-18T11:18:17+0800 lvl=warn msg="Invalid plugin subtype" module=pluginmgr name=consensus subtype=default
t=2019-06-18T11:18:17+0800 lvl=trce msg="Load a plugin successfully" module=pluginmgr name=kv subtype=leveldb
t=2019-06-18T11:18:17+0800 lvl=trce msg="Load a plugin successfully" module=pluginmgr name=crypto subtype=default
t=2019-06-18T11:18:17+0800 lvl=trce msg="Load a plugin successfully" module=pluginmgr name=kv subtype=leveldb
t=2019-06-18T11:18:17+0800 lvl=trce msg="Load a plugin successfully" module=pluginmgr name=crypto subtype=default
t=2019-06-18T11:18:17+0800 lvl=trce msg="Load a plugin successfully" module=pluginmgr name=crypto subtype=default
t=2019-06-18T11:18:17+0800 lvl=trce msg="Load a plugin successfully" module=pluginmgr name=consensus subtype=single
t=2019-06-18T11:18:17+0800 lvl=trce msg="Load a plugin successfully" module=pluginmgr name=consensus subtype=tdpos
t=2019-06-18T11:18:17+0800 lvl=trce msg="Load a plugin successfully" module=pluginmgr name=kv subtype=leveldb
t=2019-06-18T11:18:17+0800 lvl=trce msg="Load a plugin successfully" module=pluginmgr name=crypto subtype=default
t=2019-06-18T11:18:17+0800 lvl=trce msg="Load a plugin successfully" module=pluginmgr name=kv subtype=leveldb
t=2019-06-18T11:18:17+0800 lvl=trce msg="Load a plugin successfully" module=pluginmgr name=crypto subtype=default
t=2019-06-18T11:18:17+0800 lvl=trce msg="Load a plugin successfully" module=pluginmgr name=crypto subtype=default
t=2019-06-18T11:18:17+0800 lvl=trce msg="Load a plugin successfully" module=pluginmgr name=crypto subtype=default
t=2019-06-18T11:18:17+0800 lvl=trce msg="Load a plugin successfully" module=pluginmgr name=consensus subtype=single
t=2019-06-18T11:18:17+0800 lvl=trce msg="Load a plugin successfully" module=pluginmgr name=crypto subtype=default
t=2019-06-18T11:18:17+0800 lvl=trce msg="Load a plugin successfully" module=pluginmgr name=consensus subtype=tdpos
t=2019-06-18T11:18:17+0800 lvl=trce msg="Plugin conf load successfully!" module=pluginmgr pluginCount=5
t=2019-06-18T11:18:17+0800 lvl=trce msg="Load a plugin successfully" module=pluginmgr name=kv subtype=leveldb
t=2019-06-18T11:18:18+0800 lvl=trce msg="Load a plugin successfully" module=pluginmgr name=crypto subtype=default
t=2019-06-18T11:18:18+0800 lvl=trce msg="Load a plugin successfully" module=pluginmgr name=kv subtype=leveldb
t=2019-06-18T11:18:18+0800 lvl=trce msg="Load a plugin successfully" module=pluginmgr name=crypto subtype=default
t=2019-06-18T11:18:18+0800 lvl=trce msg="Load a plugin successfully" module=pluginmgr name=crypto subtype=default
t=2019-06-18T11:18:18+0800 lvl=trce msg="Load a plugin successfully" module=pluginmgr name=kv subtype=leveldb
t=2019-06-18T11:18:18+0800 lvl=trce msg="Load a plugin successfully" module=pluginmgr name=crypto subtype=default
t=2019-06-18T11:18:18+0800 lvl=trce msg="Load a plugin successfully" module=pluginmgr name=kv subtype=leveldb
t=2019-06-18T11:18:18+0800 lvl=trce msg="Load a plugin successfully" module=pluginmgr name=crypto subtype=default
t=2019-06-18T11:18:18+0800 lvl=trce msg="Load a plugin successfully" module=pluginmgr name=kv subtype=leveldb
t=2019-06-18T11:18:18+0800 lvl=trce msg="Load a plugin successfully" module=pluginmgr name=crypto subtype=default
t=2019-06-18T11:18:18+0800 lvl=trce msg="Load a plugin successfully" module=pluginmgr name=kv subtype=leveldb
t=2019-06-18T11:18:18+0800 lvl=trce msg="Load a plugin successfully" module=pluginmgr name=crypto subtype=default
t=2019-06-18T11:18:18+0800 lvl=trce msg="Load a plugin successfully" module=pluginmgr name=crypto subtype=default
t=2019-06-18T11:18:18+0800 lvl=trce msg="Load a plugin successfully" module=pluginmgr name=kv subtype=leveldb
t=2019-06-18T11:18:18+0800 lvl=trce msg="Load a plugin successfully" module=pluginmgr name=crypto subtype=default
t=2019-06-18T11:18:18+0800 lvl=trce msg="Load a plugin successfully" module=pluginmgr name=kv subtype=leveldb
t=2019-06-18T11:18:18+0800 lvl=trce msg="Load a plugin successfully" module=pluginmgr name=crypto subtype=default
t=2019-06-18T11:18:18+0800 lvl=trce msg="Load a plugin successfully" module=pluginmgr name=crypto subtype=default
t=2019-06-18T11:18:18+0800 lvl=trce msg="Load a plugin successfully" module=pluginmgr name=kv subtype=leveldb
t=2019-06-18T11:18:18+0800 lvl=trce msg="Load a plugin successfully" module=pluginmgr name=crypto subtype=default
t=2019-06-18T11:18:18+0800 lvl=trce msg="Load a plugin successfully" module=pluginmgr name=kv subtype=leveldb
t=2019-06-18T11:18:18+0800 lvl=trce msg="Load a plugin successfully" module=pluginmgr name=crypto subtype=default
t=2019-06-18T11:18:18+0800 lvl=trce msg="Load a plugin successfully" module=pluginmgr name=crypto subtype=default
t=2019-06-18T11:18:18+0800 lvl=trce msg="Load a plugin successfully" module=pluginmgr name=kv subtype=leveldb
t=2019-06-18T11:18:18+0800 lvl=trce msg="Load a plugin successfully" module=pluginmgr name=crypto subtype=default
t=2019-06-18T11:18:18+0800 lvl=trce msg="Load a plugin successfully" module=pluginmgr name=kv subtype=leveldb
t=2019-06-18T11:18:18+0800 lvl=trce msg="Load a plugin successfully" module=pluginmgr name=crypto subtype=default
t=2019-06-18T11:18:18+0800 lvl=trce msg="Load a plugin successfully" module=pluginmgr name=crypto subtype=default
t=2019-06-18T11:18:18+0800 lvl=trce msg="Load a plugin successfully" module=pluginmgr name=kv subtype=leveldb
t=2019-06-18T11:18:18+0800 lvl=trce msg="Load a plugin successfully" module=pluginmgr name=crypto subtype=default
t=2019-06-18T11:18:18+0800 lvl=trce msg="Load a plugin successfully" module=pluginmgr name=kv subtype=leveldb
t=2019-06-18T11:18:18+0800 lvl=trce msg="Load a plugin successfully" module=pluginmgr name=crypto subtype=default
t=2019-06-18T11:18:18+0800 lvl=trce msg="Load a plugin successfully" module=pluginmgr name=crypto subtype=default
t=2019-06-18T11:18:18+0800 lvl=trce msg="Load a plugin successfully" module=pluginmgr name=kv subtype=leveldb
t=2019-06-18T11:18:18+0800 lvl=trce msg="Load a plugin successfully" module=pluginmgr name=crypto subtype=default
t=2019-06-18T11:18:18+0800 lvl=trce msg="Load a plugin successfully" module=pluginmgr name=kv subtype=leveldb
t=2019-06-18T11:18:18+0800 lvl=trce msg="Load a plugin successfully" module=pluginmgr name=crypto subtype=default
t=2019-06-18T11:18:18+0800 lvl=trce msg="Load a plugin successfully" module=pluginmgr name=crypto subtype=default
t=2019-06-18T11:18:18+0800 lvl=trce msg="Load a plugin successfully" module=pluginmgr name=kv subtype=leveldb
t=2019-06-18T11:18:18+0800 lvl=trce msg="Load a plugin successfully" module=pluginmgr name=crypto subtype=default
t=2019-06-18T11:18:18+0800 lvl=trce msg="Load a plugin successfully" module=pluginmgr name=kv subtype=leveldb
t=2019-06-18T11:18:19+0800 lvl=trce msg="Load a plugin successfully" module=pluginmgr name=crypto subtype=default
t=2019-06-18T11:18:19+0800 lvl=trce msg="Load a plugin successfully" module=pluginmgr name=crypto subtype=default
t=2019-06-18T11:18:19+0800 lvl=trce msg="Load a plugin successfully" module=pluginmgr name=kv subtype=leveldb
t=2019-06-18T11:18:19+0800 lvl=trce msg="Load a plugin successfully" module=pluginmgr name=crypto subtype=default
t=2019-06-18T11:18:19+0800 lvl=trce msg="Load a plugin successfully" module=pluginmgr name=kv subtype=leveldb
t=2019-06-18T11:18:19+0800 lvl=trce msg="Load a plugin successfully" module=pluginmgr name=crypto subtype=default
t=2019-06-18T11:18:19+0800 lvl=trce msg="Load a plugin successfully" module=pluginmgr name=crypto subtype=default
t=2019-06-18T11:18:19+0800 lvl=trce msg="Load a plugin successfully" module=pluginmgr name=kv subtype=leveldb
t=2019-06-18T11:18:19+0800 lvl=trce msg="Load a plugin successfully" module=pluginmgr name=crypto subtype=default
t=2019-06-18T11:18:19+0800 lvl=trce msg="Load a plugin successfully" module=pluginmgr name=kv subtype=leveldb
t=2019-06-18T11:18:19+0800 lvl=trce msg="Load a plugin successfully" module=pluginmgr name=crypto subtype=default
t=2019-06-18T11:18:19+0800 lvl=trce msg="Load a plugin successfully" module=pluginmgr name=crypto subtype=default
t=2019-06-18T11:18:19+0800 lvl=trce msg="Load a plugin successfully" module=pluginmgr name=kv subtype=leveldb
t=2019-06-18T11:18:19+0800 lvl=trce msg="Load a plugin successfully" module=pluginmgr name=crypto subtype=default
t=2019-06-18T11:18:19+0800 lvl=trce msg="Load a plugin successfully" module=pluginmgr name=kv subtype=leveldb
t=2019-06-18T11:18:19+0800 lvl=trce msg="Load a plugin successfully" module=pluginmgr name=crypto subtype=default
t=2019-06-18T11:18:19+0800 lvl=trce msg="Load a plugin successfully" module=pluginmgr name=crypto subtype=default
t=2019-06-18T11:18:19+0800 lvl=trce msg="Load a plugin successfully" module=pluginmgr name=crypto subtype=default
t=2019-06-18T11:18:19+0800 lvl=trce msg="Load a plugin successfully" module=pluginmgr name=crypto subtype=default
t=2019-06-18T11:18:19+0800 lvl=trce msg="Load a plugin successfully" module=pluginmgr name=crypto subtype=default
t=2019-06-18T11:18:19+0800 lvl=trce msg="Load a plugin successfully" module=pluginmgr name=crypto subtype=default
t=2019-06-18T11:18:19+0800 lvl=trce msg="Load a plugin successfully" module=pluginmgr name=crypto subtype=default
t=2019-06-18T11:18:19+0800 lvl=trce msg="Load a plugin successfully" module=pluginmgr name=crypto subtype=default
t=2019-06-18T11:18:21+0800 lvl=trce msg="Plugin conf load successfully!" module=pluginmgr pluginCount=5
t=2019-06-18T11:18:21+0800 lvl=trce msg="Load a plugin successfully" module=pluginmgr name=kv subtype=leveldb
t=2019-06-18T11:18:21+0800 lvl=trce msg="Load a plugin successfully" module=pluginmgr name=crypto subtype=default
t=2019-06-18T11:18:21+0800 lvl=trce msg="Load a plugin successfully" module=pluginmgr name=kv subtype=leveldb
t=2019-06-18T11:18:21+0800 lvl=trce msg="Load a plugin successfully" module=pluginmgr name=kv subtype=leveldb
t=2019-06-18T11:18:21+0800 lvl=trce msg="Load a plugin successfully" module=pluginmgr name=crypto subtype=default
t=2019-06-18T11:18:21+0800 lvl=trce msg="Load a plugin successfully" module=pluginmgr name=kv subtype=leveldb
t=2019-06-18T11:18:21+0800 lvl=trce msg="Load a plugin successfully" module=pluginmgr name=kv subtype=leveldb
t=2019-06-18T11:18:21+0800 lvl=trce msg="Load a plugin successfully" module=pluginmgr name=crypto subtype=default
t=2019-06-18T11:18:21+0800 lvl=trce msg="Load a plugin successfully" module=pluginmgr name=kv subtype=leveldb
t=2019-06-18T11:18:22+0800 lvl=trce msg="Plugin conf load successfully!" module=pluginmgr pluginCount=5
t=2019-06-18T11:18:22+0800 lvl=trce msg="Load a plugin successfully" module=pluginmgr name=kv subtype=leveldb
t=2019-06-18T11:18:22+0800 lvl=trce msg="Load a plugin successfully" module=pluginmgr name=crypto subtype=default
t=2019-06-18T11:18:22+0800 lvl=trce msg="Load a plugin successfully" module=pluginmgr name=kv subtype=leveldb
t=2019-06-18T11:18:22+0800 lvl=trce msg="Load a plugin successfully" module=pluginmgr name=kv subtype=leveldb
t=2019-06-18T11:18:22+0800 lvl=trce msg="Load a plugin successfully" module=pluginmgr name=crypto subtype=default
t=2019-06-18T11:18:22+0800 lvl=trce msg="Load a plugin successfully" module=pluginmgr name=kv subtype=leveldb
t=2019-06-18T11:18:24+0800 lvl=trce msg="Plugin conf load successfully!" module=pluginmgr pluginCount=5
t=2019-06-18T11:18:24+0800 lvl=trce msg="Load a plugin successfully" module=pluginmgr name=kv subtype=leveldb
t=2019-06-18T11:18:24+0800 lvl=trce msg="Load a plugin successfully" module=pluginmgr name=crypto subtype=default
t=2019-06-18T11:18:24+0800 lvl=trce msg="Load a plugin successfully" module=pluginmgr name=kv subtype=leveldb
t=2019-06-18T11:18:24+0800 lvl=trce msg="Load a plugin successfully" module=pluginmgr name=kv subtype=leveldb
t=2019-06-18T11:18:24+0800 lvl=trce msg="Load a plugin successfully" module=pluginmgr name=crypto subtype=default
t=2019-06-18T11:18:24+0800 lvl=trce msg="Load a plugin successfully" module=pluginmgr name=kv subtype=leveldb
t=2019-06-18T11:18:24+0800 lvl=trce msg="Load a plugin successfully" module=pluginmgr name=kv subtype=leveldb
t=2019-06-18T11:18:24+0800 lvl=trce msg="Load a plugin successfully" module=pluginmgr name=crypto subtype=default
t=2019-06-18T11:18:24+0800 lvl=trce msg="Load a plugin successfully" module=pluginmgr name=kv subtype=leveldb
t=2019-06-18T11:18:24+0800 lvl=trce msg="Load a plugin successfully" module=pluginmgr name=crypto subtype=default
t=2019-06-18T11:18:24+0800 lvl=trce msg="Load a plugin successfully" module=pluginmgr name=crypto subtype=default
t=2019-06-18T11:18:24+0800 lvl=trce msg="Load a plugin successfully" module=pluginmgr name=kv subtype=leveldb
t=2019-06-18T11:18:24+0800 lvl=trce msg="Load a plugin successfully" module=pluginmgr name=crypto subtype=default
t=2019-06-18T11:18:24+0800 lvl=trce msg="Load a plugin successfully" module=pluginmgr name=kv subtype=leveldb
t=2019-06-18T11:18:24+0800 lvl=trce msg="Load a plugin successfully" module=pluginmgr name=crypto subtype=default
t=2019-06-18T11:18:24+0800 lvl=trce msg="Load a plugin successfully" module=pluginmgr name=kv subtype=leveldb
t=2019-06-18T11:18:24+0800 lvl=trce msg="Load a plugin successfully" module=pluginmgr name=crypto subtype=default
t=2019-06-18T11:18:24+0800 lvl=trce msg="Load a plugin successfully" module=pluginmgr name=kv subtype=leveldb
t=2019-06-18T11:18:24+0800 lvl=trce msg="Load a plugin successfully" module=pluginmgr name=crypto subtype=default
t=2019-06-18T11:18:24+0800 lvl=trce msg="Load a plugin successfully" module=pluginmgr name=crypto subtype=default
t=2019-06-18T11:18:24+0800 lvl=trce msg="Load a plugin successfully" module=pluginmgr name=kv subtype=leveldb
t=2019-06-18T11:18:24+0800 lvl=trce msg="Load a plugin successfully" module=pluginmgr name=crypto subtype=default
t=2019-06-18T11:18:24+0800 lvl=trce msg="Load a plugin successfully" module=pluginmgr name=kv subtype=leveldb
t=2019-06-18T11:18:24+0800 lvl=trce msg="Load a plugin successfully" module=pluginmgr name=crypto subtype=default
t=2019-06-18T11:18:25+0800 lvl=trce msg="Plugin conf load successfully!" module=pluginmgr pluginCount=5
t=2019-06-18T11:18:25+0800 lvl=trce msg="Load a plugin successfully" module=pluginmgr name=kv subtype=leveldb
t=2019-06-18T11:18:25+0800 lvl=trce msg="Load a plugin successfully" module=pluginmgr name=crypto subtype=default
t=2019-06-18T11:18:25+0800 lvl=trce msg="Load a plugin successfully" module=pluginmgr name=kv subtype=leveldb
t=2019-06-18T11:18:25+0800 lvl=trce msg="Load a plugin successfully" module=pluginmgr name=crypto subtype=default
t=2019-06-18T11:18:25+0800 lvl=trce msg="Load a plugin successfully" module=pluginmgr name=crypto subtype=default
t=2019-06-18T11:18:25+0800 lvl=trce msg="Load a plugin successfully" module=pluginmgr name=crypto subtype=default
t=2019-06-18T11:18:25+0800 lvl=trce msg="Load a plugin successfully" module=pluginmgr name=crypto subtype=default
t=2019-06-18T11:18:25+0800 lvl=trce msg="Load a plugin successfully" module=pluginmgr name=crypto subtype=default
t=2019-06-18T11:18:25+0800 lvl=trce msg="Load a plugin successfully" module=pluginmgr name=crypto subtype=default
t=2019-06-18T11:18:25+0800 lvl=trce msg="Load a plugin successfully" module=pluginmgr name=crypto subtype=default
t=2019-06-18T11:18:25+0800 lvl=trce msg="Load a plugin successfully" module=pluginmgr name=crypto subtype=default
t=2019-06-18T11:18:25+0800 lvl=trce msg="Load a plugin successfully" module=pluginmgr name=crypto subtype=default
t=2019-06-18T11:18:25+0800 lvl=trce msg="Load a plugin successfully" module=pluginmgr name=crypto subtype=default
t=2019-06-18T11:18:25+0800 lvl=trce msg="Load a plugin successfully" module=pluginmgr name=crypto subtype=default
t=2019-06-18T11:18:25+0800 lvl=trce msg="Load a plugin successfully" module=pluginmgr name=crypto subtype=default
t=2019-06-18T11:18:25+0800 lvl=trce msg="Load a plugin successfully" module=pluginmgr name=crypto subtype=default
t=2019-06-18T11:18:25+0800 lvl=trce msg="Load a plugin successfully" module=pluginmgr name=crypto subtype=default
t=2019-06-18T11:18:25+0800 lvl=trce msg="Load a plugin successfully" module=pluginmgr name=crypto subtype=default
t=2019-06-18T11:18:25+0800 lvl=trce msg="Load a plugin successfully" module=pluginmgr name=crypto subtype=default
t=2019-06-18T11:18:25+0800 lvl=trce msg="Load a plugin successfully" module=pluginmgr name=crypto subtype=default
t=2019-06-18T11:18:25+0800 lvl=trce msg="Load a plugin successfully" module=pluginmgr name=crypto subtype=default
t=2019-06-18T11:18:25+0800 lvl=trce msg="Load a plugin successfully" module=pluginmgr name=crypto subtype=default
t=2019-06-18T11:18:25+0800 lvl=trce msg="Load a plugin successfully" module=pluginmgr name=crypto subtype=default
t=2019-06-18T11:18:25+0800 lvl=trce msg="Load a plugin successfully" module=pluginmgr name=crypto subtype=default
t=2019-06-18T11:18:25+0800 lvl=trce msg="Load a plugin successfully" module=pluginmgr name=crypto subtype=default
t=2019-06-18T11:18:25+0800 lvl=trce msg="Load a plugin successfully" module=pluginmgr name=crypto subtype=default
t=2019-06-18T11:18:25+0800 lvl=trce msg="Load a plugin successfully" module=pluginmgr name=crypto subtype=default
t=2019-06-18T11:18:25+0800 lvl=trce msg="Load a plugin successfully" module=pluginmgr name=crypto subtype=default
t=2019-06-18T11:18:25+0800 lvl=trce msg="Load a plugin successfully" module=pluginmgr name=crypto subtype=default
t=2019-06-18T11:18:25+0800 lvl=trce msg="Load a plugin successfully" module=pluginmgr name=crypto subtype=default
t=2019-06-18T11:18:25+0800 lvl=trce msg="Load a plugin successfully" module=pluginmgr name=crypto subtype=default
t=2019-06-18T11:18:25+0800 lvl=trce msg="Load a plugin successfully" module=pluginmgr name=crypto subtype=default
t=2019-06-18T11:18:25+0800 lvl=trce msg="Load a plugin successfully" module=pluginmgr name=crypto subtype=default
t=2019-06-18T11:18:25+0800 lvl=trce msg="Load a plugin successfully" module=pluginmgr name=crypto subtype=default
t=2019-06-18T11:18:25+0800 lvl=trce msg="Load a plugin successfully" module=pluginmgr name=crypto subtype=default
t=2019-06-18T11:18:25+0800 lvl=trce msg="Load a plugin successfully" module=pluginmgr name=crypto subtype=default
t=2019-06-18T11:18:25+0800 lvl=trce msg="Load a plugin successfully" module=pluginmgr name=crypto subtype=default
t=2019-06-18T11:18:25+0800 lvl=trce msg="Load a plugin successfully" module=pluginmgr name=crypto subtype=default
t=2019-06-18T11:18:25+0800 lvl=trce msg="Load a plugin successfully" module=pluginmgr name=crypto subtype=default
t=2019-06-18T11:18:25+0800 lvl=trce msg="Load a plugin successfully" module=pluginmgr name=crypto subtype=default
t=2019-06-18T11:18:25+0800 lvl=trce msg="Load a plugin successfully" module=pluginmgr name=crypto subtype=default
t=2019-06-18T11:18:25+0800 lvl=trce msg="Load a plugin successfully" module=pluginmgr name=crypto subtype=default
t=2019-06-18T11:18:25+0800 lvl=trce msg="Load a plugin successfully" module=pluginmgr name=kv subtype=leveldb
t=2019-06-18T11:18:25+0800 lvl=trce msg="Load a plugin successfully" module=pluginmgr name=crypto subtype=default
t=2019-06-18T11:18:25+0800 lvl=trce msg="Load a plugin successfully" module=pluginmgr name=kv subtype=leveldb
t=2019-06-18T11:18:25+0800 lvl=trce msg="Load a plugin successfully" module=pluginmgr name=crypto subtype=default
t=2019-06-18T11:18:25+0800 lvl=trce msg="Load a plugin successfully" module=pluginmgr name=crypto subtype=default
t=2019-06-18T11:18:25+0800 lvl=trce msg="Load a plugin successfully" module=pluginmgr name=crypto subtype=default
t=2019-06-18T11:18:25+0800 lvl=trce msg="Load a plugin successfully" module=pluginmgr name=crypto subtype=default
t=2019-06-18T11:18:25+0800 lvl=trce msg="Load a plugin successfully" module=pluginmgr name=crypto subtype=default
t=2019-06-18T11:18:25+0800 lvl=trce msg="Load a plugin successfully" module=pluginmgr name=crypto subtype=default
t=2019-06-18T11:18:25+0800 lvl=trce msg="Load a plugin successfully" module=pluginmgr name=crypto subtype=default
t=2019-06-18T11:18:25+0800 lvl=trce msg="Load a plugin successfully" module=pluginmgr name=crypto subtype=default
t=2019-06-18T11:18:25+0800 lvl=trce msg="Load a plugin successfully" module=pluginmgr name=crypto subtype=default
t=2019-06-18T11:18:25+0800 lvl=trce msg="Load a plugin successfully" module=pluginmgr name=kv subtype=leveldb
t=2019-06-18T11:18:25+0800 lvl=trce msg="Load a plugin successfully" module=pluginmgr name=crypto subtype=default
t=2019-06-18T11:18:25+0800 lvl=trce msg="Load a plugin successfully" module=pluginmgr name=kv subtype=leveldb
t=2019-06-18T11:18:25+0800 lvl=trce msg="Load a plugin successfully" module=pluginmgr name=crypto subtype=default
t=2019-06-18T11:18:25+0800 lvl=trce msg="Load a plugin successfully" module=pluginmgr name=crypto subtype=default
t=2019-06-18T11:18:25+0800 lvl=trce msg="Load a plugin successfully" module=pluginmgr name=crypto subtype=default
t=2019-06-18T11:18:25+0800 lvl=trce msg="Load a plugin successfully" module=pluginmgr name=crypto subtype=default
t=2019-06-18T11:18:25+0800 lvl=trce msg="Load a plugin successfully" module=pluginmgr name=crypto subtype=default
t=2019-06-18T11:18:25+0800 lvl=trce msg="Load a plugin successfully" module=pluginmgr name=crypto subtype=default
t=2019-06-18T11:18:25+0800 lvl=trce msg="Load a plugin successfully" module=pluginmgr name=crypto subtype=default
t=2019-06-18T11:18:25+0800 lvl=trce msg="Load a plugin successfully" module=pluginmgr name=crypto subtype=default
t=2019-06-18T11:18:25+0800 lvl=trce msg="Load a plugin successfully" module=pluginmgr name=crypto subtype=default
t=2019-06-18T11:18:25+0800 lvl=trce msg="Load a plugin successfully" module=pluginmgr name=kv subtype=leveldb
t=2019-06-18T11:18:25+0800 lvl=trce msg="Load a plugin successfully" module=pluginmgr name=crypto subtype=default
t=2019-06-18T11:18:25+0800 lvl=trce msg="Load a plugin successfully" module=pluginmgr name=kv subtype=leveldb
t=2019-06-18T11:18:25+0800 lvl=trce msg="Load a plugin successfully" module=pluginmgr name=crypto subtype=default
t=2019-06-18T11:18:25+0800 lvl=trce msg="Load a plugin successfully" module=pluginmgr name=crypto subtype=default
t=2019-06-18T11:18:25+0800 lvl=trce msg="Load a plugin successfully" module=pluginmgr name=crypto subtype=default
t=2019-06-18T11:18:25+0800 lvl=trce msg="Load a plugin successfully" module=pluginmgr name=crypto subtype=default
t=2019-06-18T11:18:25+0800 lvl=trce msg="Load a plugin successfully" module=pluginmgr name=crypto subtype=default
t=2019-06-18T11:18:25+0800 lvl=trce msg="Load a plugin successfully" module=pluginmgr name=crypto subtype=default
t=2019-06-18T11:18:25+0800 lvl=trce msg="Load a plugin successfully" module=pluginmgr name=crypto subtype=default
t=2019-06-18T11:18:27+0800 lvl=trce msg="Plugin conf load successfully!" module=pluginmgr pluginCount=5
t=2019-06-18T11:18:27+0800 lvl=trce msg="Load a plugin successfully" module=pluginmgr name=kv subtype=leveldb
t=2019-06-18T11:18:27+0800 lvl=trce msg="Load a plugin successfully" module=pluginmgr name=crypto subtype=default
t=2019-06-18T11:18:27+0800 lvl=trce msg="Load a plugin successfully" module=pluginmgr name=kv subtype=leveldb
t=2019-06-18T11:18:27+0800 lvl=trce msg="Load a plugin successfully" module=pluginmgr name=kv subtype=leveldb
t=2019-06-18T11:18:27+0800 lvl=trce msg="Load a plugin successfully" module=pluginmgr name=crypto subtype=default
t=2019-06-18T11:18:27+0800 lvl=trce msg="Load a plugin successfully" module=pluginmgr name=kv subtype=leveldb
t=2019-06-18T11:18:27+0800 lvl=trce msg="Load a plugin successfully" module=pluginmgr name=kv subtype=leveldb
t=2019-06-18T11:18:27+0800 lvl=trce msg="Load a plugin successfully" module=pluginmgr name=crypto subtype=default
t=2019-06-18T11:18:27+0800 lvl=trce msg="Load a plugin successfully" module=pluginmgr name=kv subtype=leveldb
t=2019-06-18T11:18:28+0800 lvl=trce msg="Load a plugin successfully" module=pluginmgr name=kv subtype=leveldb
t=2019-06-18T11:18:28+0800 lvl=trce msg="Load a plugin successfully" module=pluginmgr name=crypto subtype=default
t=2019-06-18T11:18:28+0800 lvl=trce msg="Load a plugin successfully" module=pluginmgr name=kv subtype=leveldb
t=2019-06-18T11:18:33+0800 lvl=trce msg="Plugin conf load successfully!" module=pluginmgr pluginCount=5
t=2019-06-18T11:18:33+0800 lvl=trce msg="Load a plugin successfully" module=pluginmgr name=kv subtype=leveldb
t=2019-06-18T11:18:33+0800 lvl=trce msg="Load a plugin successfully" module=pluginmgr name=crypto subtype=default
t=2019-06-18T11:18:33+0800 lvl=trce msg="Load a plugin successfully" module=pluginmgr name=kv subtype=leveldb
t=2019-06-18T11:18:33+0800 lvl=trce msg="Load a plugin successfully" module=pluginmgr name=crypto subtype=default
t=2019-06-18T11:18:33+0800 lvl=trce msg="Load a plugin successfully" module=pluginmgr name=kv subtype=leveldb
t=2019-06-18T11:18:33+0800 lvl=trce msg="Load a plugin successfully" module=pluginmgr name=crypto subtype=default
t=2019-06-18T11:18:36+0800 lvl=trce msg="Plugin conf load successfully!" module=pluginmgr pluginCount=5
t=2019-06-18T11:18:36+0800 lvl=trce msg="Load a plugin successfully" module=pluginmgr name=crypto subtype=default
t=2019-06-18T11:18:36+0800 lvl=trce msg="Load a plugin successfully" module=pluginmgr name=crypto subtype=default
t=2019-06-18T11:18:38+0800 lvl=trce msg="Plugin conf load successfully!" module=pluginmgr pluginCount=5
t=2019-06-18T11:18:38+0800 lvl=trce msg="Load a plugin successfully" module=pluginmgr name=kv subtype=leveldb
t=2019-06-18T11:18:38+0800 lvl=trce msg="Load a plugin successfully" module=pluginmgr name=crypto subtype=default
t=2019-06-18T11:18:38+0800 lvl=trce msg="Load a plugin successfully" module=pluginmgr name=kv subtype=leveldb
t=2019-06-18T11:18:38+0800 lvl=trce msg="Load a plugin successfully" module=pluginmgr name=crypto subtype=default
t=2019-06-18T11:18:38+0800 lvl=trce msg="Load a plugin successfully" module=pluginmgr name=crypto subtype=default
t=2019-06-18T11:18:38+0800 lvl=trce msg="Load a plugin successfully" module=pluginmgr name=kv subtype=leveldb
t=2019-06-18T11:18:38+0800 lvl=trce msg="Load a plugin successfully" module=pluginmgr name=crypto subtype=default
t=2019-06-18T11:18:38+0800 lvl=trce msg="Load a plugin successfully" module=pluginmgr name=kv subtype=leveldb
t=2019-06-18T11:18:39+0800 lvl=trce msg="Load a plugin successfully" module=pluginmgr name=crypto subtype=default
t=2019-06-18T11:18:39+0800 lvl=trce msg="Load a plugin successfully" module=pluginmgr name=crypto subtype=default
t=2019-06-18T11:18:39+0800 lvl=trce msg="Load a plugin successfully" module=pluginmgr name=consensus subtype=single
t=2019-06-18T11:18:39+0800 lvl=trce msg="Load a plugin successfully" module=pluginmgr name=kv subtype=leveldb
t=2019-06-18T11:18:39+0800 lvl=trce msg="Load a plugin successfully" module=pluginmgr name=kv subtype=leveldb
t=2019-06-18T11:18:39+0800 lvl=trce msg="Load a plugin successfully" module=pluginmgr name=crypto subtype=default
t=2019-06-18T11:18:39+0800 lvl=trce msg="Load a plugin successfully" module=pluginmgr name=kv subtype=leveldb
t=2019-06-18T11:18:39+0800 lvl=trce msg="Load a plugin successfully" module=pluginmgr name=crypto subtype=default
t=2019-06-18T11:18:39+0800 lvl=trce msg="Load a plugin successfully" module=pluginmgr name=crypto subtype=default
t=2019-06-18T11:18:39+0800 lvl=trce msg="Load a plugin successfully" module=pluginmgr name=kv subtype=leveldb
t=2019-06-18T11:18:39+0800 lvl=trce msg="Load a plugin successfully" module=pluginmgr name=crypto subtype=default
t=2019-06-18T11:18:39+0800 lvl=trce msg="Load a plugin successfully" module=pluginmgr name=kv subtype=leveldb
t=2019-06-18T11:18:39+0800 lvl=trce msg="Load a plugin successfully" module=pluginmgr name=crypto subtype=default
t=2019-06-18T11:18:39+0800 lvl=trce msg="Load a plugin successfully" module=pluginmgr name=crypto subtype=default
t=2019-06-18T11:18:39+0800 lvl=trce msg="Load a plugin successfully" module=pluginmgr name=consensus subtype=tdpos
t=2019-06-18T11:18:39+0800 lvl=trce msg="Load a plugin successfully" module=pluginmgr name=kv subtype=leveldb
t=2019-06-18T11:18:39+0800 lvl=trce msg="Load a plugin successfully" module=pluginmgr name=crypto subtype=default
t=2019-06-18T11:18:39+0800 lvl=trce msg="Load a plugin successfully" module=pluginmgr name=crypto subtype=default
t=2019-06-18T11:18:39+0800 lvl=trce msg="Load a plugin successfully" module=pluginmgr name=crypto subtype=default
t=2019-06-18T11:18:39+0800 lvl=trce msg="Load a plugin successfully" module=pluginmgr name=crypto subtype=default
t=2019-06-18T11:18:39+0800 lvl=trce msg="Load a plugin successfully" module=pluginmgr name=crypto subtype=default
t=2019-06-18T11:18:39+0800 lvl=trce msg="Load a plugin successfully" module=pluginmgr name=crypto subtype=default
t=2019-06-18T11:18:39+0800 lvl=trce msg="Load a plugin successfully" module=pluginmgr name=crypto subtype=default
t=2019-06-18T11:18:39+0800 lvl=trce msg="Load a plugin successfully" module=pluginmgr name=crypto subtype=default
t=2019-06-18T11:18:44+0800 lvl=trce msg="Plugin conf load successfully!" module=pluginmgr pluginCount=5
t=2019-06-18T11:18:44+0800 lvl=trce msg="Load a plugin successfully" module=pluginmgr name=crypto subtype=default
t=2019-06-18T11:18:44+0800 lvl=trce msg="Load a plugin successfully" module=pluginmgr name=crypto subtype=default
t=2019-06-18T11:18:44+0800 lvl=trce msg="Load a plugin successfully" module=pluginmgr name=crypto subtype=default
t=2019-06-18T11:18:44+0800 lvl=trce msg="Load a plugin successfully" module=pluginmgr name=crypto subtype=default
t=2019-06-18T11:18:44+0800 lvl=trce msg="Load a plugin successfully" module=pluginmgr name=crypto subtype=default
t=2019-06-18T11:18:44+0800 lvl=trce msg="Load a plugin successfully" module=pluginmgr name=crypto subtype=default
t=2019-06-18T11:18:44+0800 lvl=trce msg="Load a plugin successfully" module=pluginmgr name=crypto subtype=default
t=2019-06-18T11:18:44+0800 lvl=trce msg="Load a plugin successfully" module=pluginmgr name=crypto subtype=default
t=2019-06-18T11:18:44+0800 lvl=trce msg="Load a plugin successfully" module=pluginmgr name=crypto subtype=default
t=2019-06-18T11:18:51+0800 lvl=trce msg="Load a plugin successfully" module=pluginmgr name=crypto subtype=default
t=2019-06-18T11:18:52+0800 lvl=trce msg="Plugin conf load successfully!" module=pluginmgr pluginCount=5
t=2019-06-18T11:18:52+0800 lvl=trce msg="Load a plugin successfully" module=pluginmgr name=kv subtype=leveldb
t=2019-06-18T11:18:52+0800 lvl=trce msg="Load a plugin successfully" module=pluginmgr name=crypto subtype=default
t=2019-06-18T11:18:52+0800 lvl=trce msg="Load a plugin successfully" module=pluginmgr name=kv subtype=leveldb
t=2019-06-18T11:18:52+0800 lvl=trce msg="Load a plugin successfully" module=pluginmgr name=crypto subtype=default
t=2019-06-18T11:18:53+0800 lvl=trce msg="Plugin conf load successfully!" module=pluginmgr pluginCount=5
t=2019-06-18T11:18:53+0800 lvl=trce msg="Load a plugin successfully" module=pluginmgr name=kv subtype=leveldb
t=2019-06-18T11:18:54+0800 lvl=trce msg="Load a plugin successfully" module=pluginmgr name=crypto subtype=default
t=2019-06-18T11:18:54+0800 lvl=trce msg="Load a plugin successfully" module=pluginmgr name=kv subtype=leveldb
t=2019-06-18T11:18:54+0800 lvl=trce msg="Load a plugin successfully" module=pluginmgr name=kv subtype=leveldb
t=2019-06-18T11:18:54+0800 lvl=trce msg="Load a plugin successfully" module=pluginmgr name=crypto subtype=default
t=2019-06-18T11:18:54+0800 lvl=trce msg="Load a plugin successfully" module=pluginmgr name=kv subtype=leveldb
t=2019-06-18T11:18:54+0800 lvl=trce msg="Load a plugin successfully" module=pluginmgr name=kv subtype=leveldb
t=2019-06-18T11:18:54+0800 lvl=trce msg="Load a plugin successfully" module=pluginmgr name=crypto subtype=default
t=2019-06-18T11:18:54+0800 lvl=trce msg="Load a plugin successfully" module=pluginmgr name=kv subtype=leveldb
t=2019-06-18T11:18:59+0800 lvl=trce msg="Load a plugin successfully" module=pluginmgr name=kv subtype=leveldb
t=2019-06-18T11:18:59+0800 lvl=trce msg="Load a plugin successfully" module=pluginmgr name=crypto subtype=default
t=2019-06-18T11:18:59+0800 lvl=trce msg="Load a plugin successfully" module=pluginmgr name=kv subtype=leveldb
t=2019-06-18T11:18:59+0800 lvl=trce msg="Load a plugin successfully" module=pluginmgr name=crypto subtype=default
t=2019-06-18T11:18:59+0800 lvl=trce msg="Load a plugin successfully" module=pluginmgr name=kv subtype=leveldb
t=2019-06-18T11:18:59+0800 lvl=trce msg="Load a plugin successfully" module=pluginmgr name=crypto subtype=default
t=2019-06-18T11:18:59+0800 lvl=trce msg="Load a plugin successfully" module=pluginmgr name=kv subtype=leveldb
t=2019-06-18T11:18:59+0800 lvl=trce msg="Load a plugin successfully" module=pluginmgr name=crypto subtype=default
t=2019-06-18T11:18:59+0800 lvl=trce msg="Load a plugin successfully" module=pluginmgr name=crypto subtype=default
t=2019-06-18T11:18:59+0800 lvl=trce msg="Load a plugin successfully" module=pluginmgr name=crypto subtype=default
t=2019-06-18T11:18:59+0800 lvl=trce msg="Load a plugin successfully" module=pluginmgr name=crypto subtype=default
t=2019-06-18T11:18:59+0800 lvl=trce msg="Load a plugin successfully" module=pluginmgr name=crypto subtype=default
t=2019-06-18T11:18:59+0800 lvl=trce msg="Load a plugin successfully" module=pluginmgr name=crypto subtype=default
t=2019-06-18T11:18:59+0800 lvl=trce msg="Load a plugin successfully" module=pluginmgr name=crypto subtype=default
t=2019-06-18T11:18:59+0800 lvl=trce msg="Load a plugin successfully" module=pluginmgr name=crypto subtype=default
t=2019-06-18T11:18:59+0800 lvl=trce msg="Load a plugin successfully" module=pluginmgr name=crypto subtype=default
t=2019-06-18T11:18:59+0800 lvl=trce msg="Load a plugin successfully" module=pluginmgr name=crypto subtype=default
t=2019-06-18T11:18:59+0800 lvl=trce msg="Load a plugin successfully" module=pluginmgr name=crypto subtype=default
t=2019-06-18T11:18:59+0800 lvl=trce msg="Load a plugin successfully" module=pluginmgr name=kv subtype=leveldb
t=2019-06-18T11:18:59+0800 lvl=trce msg="Load a plugin successfully" module=pluginmgr name=crypto subtype=default
t=2019-06-18T11:18:59+0800 lvl=trce msg="Load a plugin successfully" module=pluginmgr name=kv subtype=leveldb
t=2019-06-18T11:18:59+0800 lvl=trce msg="Load a plugin successfully" module=pluginmgr name=crypto subtype=default
t=2019-06-18T11:18:59+0800 lvl=trce msg="Load a plugin successfully" module=pluginmgr name=crypto subtype=default
t=2019-06-18T11:18:59+0800 lvl=trce msg="Load a plugin successfully" module=pluginmgr name=crypto subtype=default
t=2019-06-18T11:18:59+0800 lvl=trce msg="Load a plugin successfully" module=pluginmgr name=crypto subtype=default
t=2019-06-18T11:18:59+0800 lvl=trce msg="Load a plugin successfully" module=pluginmgr name=crypto subtype=default
t=2019-06-18T11:18:59+0800 lvl=trce msg="Load a plugin successfully" module=pluginmgr name=crypto subtype=default
t=2019-06-18T11:18:59+0800 lvl=trce msg="Load a plugin successfully" module=pluginmgr name=crypto subtype=default
t=2019-06-18T11:18:59+0800 lvl=trce msg="Load a plugin successfully" module=pluginmgr name=crypto subtype=default
t=2019-06-18T11:18:59+0800 lvl=trce msg="Load a plugin successfully" module=pluginmgr name=crypto subtype=default
t=2019-06-18T11:18:59+0800 lvl=trce msg="Load a plugin successfully" module=pluginmgr name=crypto subtype=default
t=2019-06-18T11:18:59+0800 lvl=trce msg="Load a plugin successfully" module=pluginmgr name=crypto subtype=default
t=2019-06-18T11:18:59+0800 lvl=trce msg="Load a plugin successfully" module=pluginmgr name=crypto subtype=default
t=2019-06-18T11:18:59+0800 lvl=trce msg="Load a plugin successfully" module=pluginmgr name=crypto subtype=default
t=2019-06-18T11:18:59+0800 lvl=trce msg="Load a plugin successfully" module=pluginmgr name=crypto subtype=default
t=2019-06-18T11:18:59+0800 lvl=trce msg="Load a plugin successfully" module=pluginmgr name=crypto subtype=default
t=2019-06-18T11:18:59+0800 lvl=trce msg="Load a plugin successfully" module=pluginmgr name=crypto subtype=default
t=2019-06-18T11:18:59+0800 lvl=trce msg="Load a plugin successfully" module=pluginmgr name=kv subtype=leveldb
t=2019-06-18T11:18:59+0800 lvl=trce msg="Load a plugin successfully" module=pluginmgr name=crypto subtype=default
t=2019-06-18T11:18:59+0800 lvl=trce msg="Load a plugin successfully" module=pluginmgr name=kv subtype=leveldb
t=2019-06-18T11:18:59+0800 lvl=trce msg="Load a plugin successfully" module=pluginmgr name=crypto subtype=default
t=2019-06-18T11:18:59+0800 lvl=trce msg="Load a plugin successfully" module=pluginmgr name=crypto subtype=default
t=2019-06-18T11:18:59+0800 lvl=trce msg="Load a plugin successfully" module=pluginmgr name=crypto subtype=default
t=2019-06-18T11:18:59+0800 lvl=trce msg="Load a plugin successfully" module=pluginmgr name=crypto subtype=default
t=2019-06-18T11:18:59+0800 lvl=trce msg="Load a plugin successfully" module=pluginmgr name=crypto subtype=default
t=2019-06-18T11:18:59+0800 lvl=trce msg="Load a plugin successfully" module=pluginmgr name=crypto subtype=default
t=2019-06-18T11:18:59+0800 lvl=trce msg="Load a plugin successfully" module=pluginmgr name=crypto subtype=default
t=2019-06-18T11:18:59+0800 lvl=trce msg="Load a plugin successfully" module=pluginmgr name=crypto subtype=default
t=2019-06-18T11:18:59+0800 lvl=trce msg="Load a plugin successfully" module=pluginmgr name=crypto subtype=default
t=2019-06-18T11:18:59+0800 lvl=trce msg="Load a plugin successfully" module=pluginmgr name=crypto subtype=default
t=2019-06-18T11:18:59+0800 lvl=trce msg="Load a plugin successfully" module=pluginmgr name=crypto subtype=default
t=2019-06-18T11:18:59+0800 lvl=trce msg="Load a plugin successfully" module=pluginmgr name=crypto subtype=default
t=2019-06-18T11:18:59+0800 lvl=trce msg="Load a plugin successfully" module=pluginmgr name=crypto subtype=default
t=2019-06-18T11:18:59+0800 lvl=trce msg="Load a plugin successfully" module=pluginmgr name=crypto subtype=default
t=2019-06-18T11:18:59+0800 lvl=trce msg="Load a plugin successfully" module=pluginmgr name=crypto subtype=default
t=2019-06-18T11:18:59+0800 lvl=trce msg="Load a plugin successfully" module=pluginmgr name=crypto subtype=default
t=2019-06-18T11:18:59+0800 lvl=trce msg="Load a plugin successfully" module=pluginmgr name=crypto subtype=default
